Traceback (most recent call last):
  File "main.py", line 26, in <module>
    main()
  File "main.py", line 21, in main
    schedule.run_pending()
  File "/root/.myvirtualenvs/lagou-python3/lib/python3.5/site-packages/schedule/__init__.py", line 493, in run_pending
    default_scheduler.run_pending()
  File "/root/.myvirtualenvs/lagou-python3/lib/python3.5/site-packages/schedule/__init__.py", line 78, in run_pending
    self._run_job(job)
  File "/root/.myvirtualenvs/lagou-python3/lib/python3.5/site-packages/schedule/__init__.py", line 131, in _run_job
    ret = job.run()
  File "/root/.myvirtualenvs/lagou-python3/lib/python3.5/site-packages/schedule/__init__.py", line 411, in run
    ret = self.job_func()
  File "/root/lagou/lagou_spider/spider/base.py", line 75, in start_spider
    self.pool.join()
  File "/root/.myvirtualenvs/lagou-python3/lib/python3.5/site-packages/gevent/pool.py", line 552, in join
    result = self._empty_event.wait(timeout=timeout)
  File "/root/.myvirtualenvs/lagou-python3/lib/python3.5/site-packages/gevent/event.py", line 219, in wait
    return self._wait(timeout)
  File "/root/.myvirtualenvs/lagou-python3/lib/python3.5/site-packages/gevent/event.py", line 129, in _wait
    gotit = self._wait_core(timeout)
  File "/root/.myvirtualenvs/lagou-python3/lib/python3.5/site-packages/gevent/event.py", line 106, in _wait_core
    result = self.hub.switch()
  File "/root/.myvirtualenvs/lagou-python3/lib/python3.5/site-packages/gevent/hub.py", line 630, in switch
    return RawGreenlet.switch(self)
gevent.hub.LoopExit: ('This operation would block forever', <Hub at 0x7f75a7257d58 epoll default pending=0 ref=0 fileno=4 resolver=<gevent.resolver_thread.Resolver at 0x7f75a96a79b0 pool=<ThreadPool at 0x7f75a96a79e8 0/10/10>> threadpool=<ThreadPool at 0x7f75a96a79e8 0/10/10>>)
Traceback (most recent call last):
  File "main.py", line 26, in <module>
    main()
  File "main.py", line 21, in main
    schedule.run_pending()
  File "/root/.myvirtualenvs/lagou-python3/lib/python3.5/site-packages/schedule/__init__.py", line 493, in run_pending
    default_scheduler.run_pending()
  File "/root/.myvirtualenvs/lagou-python3/lib/python3.5/site-packages/schedule/__init__.py", line 78, in run_pending
    self._run_job(job)
  File "/root/.myvirtualenvs/lagou-python3/lib/python3.5/site-packages/schedule/__init__.py", line 131, in _run_job
    ret = job.run()
  File "/root/.myvirtualenvs/lagou-python3/lib/python3.5/site-packages/schedule/__init__.py", line 411, in run
    ret = self.job_func()
  File "/root/lagou/lagou_spider/spider/base.py", line 58, in start_spider
    menu = html.xpath("//div[@class='menu_sub dn']")[0]
IndexError: list index out of range
